2026-07-14 16:07:12,118 - WARNING - PyNaCl is not installed, voice will NOT be supported
2026-07-14 16:07:12,118 - WARNING - davey is not installed, voice will NOT be supported
2026-07-14 16:13:54,886 - WARNING - PyNaCl is not installed, voice will NOT be supported
2026-07-14 16:13:54,886 - WARNING - davey is not installed, voice will NOT be supported
2026-07-14 16:19:16,663 - WARNING - PyNaCl is not installed, voice will NOT be supported
2026-07-14 16:19:16,663 - WARNING - davey is not installed, voice will NOT be supported
2026-07-14 16:19:16,665 - INFO - Database initialized
2026-07-14 16:19:16,665 - INFO - Starting bot...
2026-07-14 16:19:16,666 - INFO - logging in using static token
2026-07-14 16:19:16,820 - ERROR - Failed to start bot: Cannot connect to host discord.com:443 ssl:True [SSLCertVerificationError: (1, '[SSL: CERTIFICATE_VERIFY_FAILED] certificate verify failed: unable to get local issuer certificate (_ssl.c:1082)')]
2026-07-14 16:25:24,614 - WARNING - PyNaCl is not installed, voice will NOT be supported
2026-07-14 16:25:24,614 - WARNING - davey is not installed, voice will NOT be supported
2026-07-14 16:25:24,614 - INFO - Database initialized
2026-07-14 16:25:24,614 - INFO - Starting bot...
2026-07-14 16:25:24,615 - INFO - logging in using static token
2026-07-14 16:25:24,838 - ERROR - Failed to start bot: Cannot connect to host discord.com:443 ssl:True [SSLCertVerificationError: (1, '[SSL: CERTIFICATE_VERIFY_FAILED] certificate verify failed: unable to get local issuer certificate (_ssl.c:1082)')]
2026-07-14 16:38:15,625 - WARNING - PyNaCl is not installed, voice will NOT be supported
2026-07-14 16:38:15,625 - WARNING - davey is not installed, voice will NOT be supported
2026-07-14 16:38:15,625 - INFO - Database initialized
2026-07-14 16:38:15,625 - INFO - Starting bot...
2026-07-14 16:38:15,626 - INFO - logging in using static token
2026-07-14 16:38:15,955 - ERROR - Failed to start bot: Cannot connect to host discord.com:443 ssl:True [SSLCertVerificationError: (1, '[SSL: CERTIFICATE_VERIFY_FAILED] certificate verify failed: unable to get local issuer certificate (_ssl.c:1082)')]
2026-07-14 16:40:42,068 - WARNING - PyNaCl is not installed, voice will NOT be supported
2026-07-14 16:40:42,068 - WARNING - davey is not installed, voice will NOT be supported
2026-07-14 16:40:42,069 - INFO - Database initialized
2026-07-14 16:40:42,069 - INFO - Starting bot...
2026-07-14 16:40:42,069 - INFO - logging in using static token
2026-07-14 16:40:42,613 - ERROR - Failed to start bot: Improper token has been passed.
2026-07-14 17:00:11,892 - WARNING - PyNaCl is not installed, voice will NOT be supported
2026-07-14 17:00:11,892 - WARNING - davey is not installed, voice will NOT be supported
2026-07-14 17:00:11,893 - INFO - Database initialized
2026-07-14 17:00:11,893 - INFO - Starting bot...
2026-07-14 17:00:11,893 - INFO - logging in using static token
2026-07-14 17:00:13,620 - INFO - Shard ID None has connected to Gateway (Session ID: 23d03824cdd46722de10e056486d04a9).
2026-07-14 17:00:15,624 - INFO - Bot logged in as Instagram Monitoring Bot#8937
2026-07-14 17:00:15,625 - INFO - Starting monitoring loop...
2026-07-14 17:00:15,627 - INFO - Next check in 300 seconds...
2026-07-14 17:05:15,630 - INFO - Next check in 300 seconds...
2026-07-14 17:10:15,638 - INFO - Next check in 300 seconds...
2026-07-14 17:15:15,643 - INFO - Next check in 300 seconds...
2026-07-14 17:20:15,648 - INFO - Next check in 300 seconds...
2026-07-14 17:25:15,655 - INFO - Next check in 300 seconds...
2026-07-14 17:30:15,660 - INFO - Next check in 300 seconds...
2026-07-14 17:35:15,666 - INFO - Next check in 300 seconds...
2026-07-14 17:49:26,880 - WARNING - PyNaCl is not installed, voice will NOT be supported
2026-07-14 17:49:26,880 - WARNING - davey is not installed, voice will NOT be supported
2026-07-14 17:49:26,883 - INFO - Database initialized
2026-07-14 17:49:26,883 - INFO - Starting bot...
2026-07-14 17:49:26,883 - INFO - logging in using static token
2026-07-14 17:49:28,724 - INFO - Shard ID None has connected to Gateway (Session ID: 209b11f81932fabfc4670bf3b2000906).
2026-07-14 17:49:30,794 - INFO - Bot logged in as Instagram Monitoring Bot#8937
2026-07-14 17:49:30,796 - INFO - Starting monitoring loop...
2026-07-14 17:49:30,799 - INFO - Next check in 300 seconds...
2026-07-14 17:49:58,392 - INFO - Added username: elitemolex (by kushagra.xdd)
2026-07-14 17:55:39,069 - WARNING - PyNaCl is not installed, voice will NOT be supported
2026-07-14 17:55:39,069 - WARNING - davey is not installed, voice will NOT be supported
2026-07-14 17:55:39,070 - INFO - Database initialized
2026-07-14 17:55:39,070 - INFO - Starting bot...
2026-07-14 17:55:39,070 - INFO - logging in using static token
2026-07-14 17:55:41,049 - INFO - Shard ID None has connected to Gateway (Session ID: d2577b22fc141b652bff4b877d72c284).
2026-07-14 17:55:43,055 - INFO - Bot logged in as Instagram Monitoring Bot#8937
2026-07-14 17:55:43,055 - INFO - Starting monitoring loop...
2026-07-14 17:55:43,057 - INFO - Checking 1 usernames...
2026-07-14 17:55:43,059 - ERROR - Error checking elitemolex: 'Instaloader' object has no attribute 'get_profile'
2026-07-14 17:55:45,064 - INFO - Next check in 300 seconds...
2026-07-14 17:55:52,268 - INFO - Removed username: elitemolex
2026-07-14 17:56:26,986 - ERROR - Error checking onecuptwogirlss: 'Instaloader' object has no attribute 'get_profile'
2026-07-14 18:02:14,689 - WARNING - PyNaCl is not installed, voice will NOT be supported
2026-07-14 18:02:14,689 - WARNING - davey is not installed, voice will NOT be supported
2026-07-14 18:02:14,692 - INFO - Database initialized
2026-07-14 18:02:14,692 - INFO - Starting bot...
2026-07-14 18:02:14,692 - INFO - logging in using static token
2026-07-14 18:02:16,585 - INFO - Shard ID None has connected to Gateway (Session ID: b3c2621b85d7c0009211498fbe781ce6).
2026-07-14 18:02:18,591 - INFO - Bot logged in as Instagram Monitoring Bot#8937
2026-07-14 18:02:18,592 - INFO - Starting monitoring loop...
2026-07-14 18:02:18,593 - INFO - Next check in 300 seconds...
2026-07-14 18:02:28,465 - ERROR - Error checking onecuptwogirlss: 'Instaloader' object has no attribute 'get_profile_from_username'
2026-07-14 18:07:50,751 - WARNING - PyNaCl is not installed, voice will NOT be supported
2026-07-14 18:07:50,751 - WARNING - davey is not installed, voice will NOT be supported
2026-07-14 18:07:50,752 - INFO - Database initialized
2026-07-14 18:07:50,752 - INFO - Starting bot...
2026-07-14 18:07:50,752 - INFO - logging in using static token
2026-07-14 18:07:52,781 - INFO - Shard ID None has connected to Gateway (Session ID: 9f26a527b8cb5c424f70a8e7a5f2a127).
2026-07-14 18:07:54,788 - INFO - Bot logged in as Instagram Monitoring Bot#8937
2026-07-14 18:07:54,789 - INFO - Starting monitoring loop...
2026-07-14 18:07:54,792 - INFO - Next check in 300 seconds...
2026-07-14 18:10:14,284 - INFO - Added username: elitemolex (by kushagra.xdd)
2026-07-14 18:12:54,797 - INFO - Checking 1 usernames...
2026-07-14 18:12:54,799 - ERROR - Error checking elitemolex: 'Instaloader' object has no attribute 'get_profile_from_username'
2026-07-14 18:12:56,804 - INFO - Next check in 300 seconds...
2026-07-14 18:17:56,812 - INFO - Checking 1 usernames...
2026-07-14 18:17:56,814 - ERROR - Error checking elitemolex: 'Instaloader' object has no attribute 'get_profile_from_username'
2026-07-14 18:17:58,818 - INFO - Next check in 300 seconds...
2026-07-14 18:22:58,825 - INFO - Checking 1 usernames...
2026-07-14 18:22:58,828 - ERROR - Error checking elitemolex: 'Instaloader' object has no attribute 'get_profile_from_username'
2026-07-14 18:23:00,834 - INFO - Next check in 300 seconds...
2026-07-14 18:30:52,658 - WARNING - PyNaCl is not installed, voice will NOT be supported
2026-07-14 18:30:52,658 - WARNING - davey is not installed, voice will NOT be supported
2026-07-14 18:30:52,660 - INFO - Database initialized
2026-07-14 18:30:52,660 - INFO - Starting bot...
2026-07-14 18:30:52,661 - INFO - logging in using static token
2026-07-14 18:30:54,817 - INFO - Shard ID None has connected to Gateway (Session ID: 6c96bd5f02f8d4f3d69245572ec71877).
2026-07-14 18:30:56,823 - INFO - Bot logged in as Instagram Monitoring Bot#8937
2026-07-14 18:30:56,824 - INFO - Starting monitoring loop...
2026-07-14 18:30:56,826 - INFO - Checking 1 usernames...
2026-07-14 18:30:56,828 - ERROR - Error checking elitemolex: 'Instaloader' object has no attribute 'get_profile_from_username'
2026-07-14 18:30:58,833 - INFO - Next check in 300 seconds...
2026-07-14 18:31:19,859 - INFO - Removed username: elitemolex
2026-07-14 18:31:39,048 - INFO - Added username: elitemolex (by kushagra.xdd)
2026-07-14 18:32:55,297 - INFO - Shard ID None has successfully RESUMED session 6c96bd5f02f8d4f3d69245572ec71877.
2026-07-14 18:32:55,821 - INFO - Removed username: elitemolex
2026-07-14 18:32:56,891 - INFO - Added username: goalthread_ (by kushagra.xdd)
2026-07-14 18:33:29,509 - INFO - Removed username: goalthread_
